[
  {
    "line": 1,
    "elements": [
      {
        "start_timestamp": "2023-03-29T19:20:37.501Z",
        "before": [
          {
            "result": {
              "duration": 5167388700,
              "status": "passed"
            },
            "match": {
              "location": "LoginStepDefinition.setup()"
            }
          }
        ],
        "line": 3,
        "name": "Successful Login with Valid Credentials",
        "description": "",
        "id": "login;successful-login-with-valid-credentials",
        "type": "scenario",
        "keyword": "Scenario",
        "steps": [
          {
            "result": {
              "duration": 719500,
              "status": "passed"
            },
            "line": 4,
            "name": "User Launch Chrome browser",
            "match": {
              "location": "LoginStepDefinition.user_Launch_Chrome_browser()"
            },
            "keyword": "Given "
          },
          {
            "result": {
              "duration": 5970470500,
              "status": "passed"
            },
            "line": 5,
            "name": "User opens URL \"http://admin-demo.nopcommerce.com/login\"",
            "match": {
              "arguments": [
                {
                  "val": "\"http://admin-demo.nopcommerce.com/login\"",
                  "offset": 15
                }
              ],
              "location": "LoginStepDefinition.user_opens_URL(String)"
            },
            "keyword": "When "
          },
          {
            "result": {
              "error_message": "org.openqa.selenium.NoSuchWindowException: no such window: target window already closed\nfrom unknown error: web view not found\n  (Session info: chrome\u003d111.0.5563.111)\nBuild info: version: \u00273.141.59\u0027, revision: \u0027e82be7d358\u0027, time: \u00272018-11-14T08:17:03\u0027\nSystem info: host: \u0027LAPTOP-BJSMP7Q6\u0027, ip: \u0027192.168.43.150\u0027, os.name: \u0027Windows 10\u0027, os.arch: \u0027amd64\u0027, os.version: \u002710.0\u0027, java.version: \u002717.0.1\u0027\nDriver info: org.openqa.selenium.chrome.ChromeDriver\nCapabilities {acceptInsecureCerts: false, browserName: chrome, browserVersion: 111.0.5563.111, chrome: {chromedriverVersion: 111.0.5563.64 (c710e93d5b63..., userDataDir: C:\\Users\\ASUS\\AppData\\Local...}, goog:chromeOptions: {debuggerAddress: localhost:65280}, javascriptEnabled: true, networkConnectionEnabled: false, pageLoadStrategy: normal, platform: WINDOWS, platformName: WINDOWS, proxy: Proxy(), setWindowRect: true, strictFileInteractability: false, timeouts: {implicit: 0, pageLoad: 300000, script: 30000}, unhandledPromptBehavior: dismiss and notify, webauthn:extension:credBlob: true, webauthn:extension:largeBlob: true, webauthn:extension:minPinLength: true, webauthn:extension:prf: true, webauthn:virtualAuthenticators: true}\nSession ID: a547f61b64402fe3637a94b4aadd8be4\n*** Element info: {Using\u003did, value\u003dEmail}\r\n\tat java.base/jdk.internal.reflect.NativeConstructorAccessorImpl.newInstance0(Native Method)\r\n\tat java.base/jdk.internal.reflect.NativeConstructorAccessorImpl.newInstance(NativeConstructorAccessorImpl.java:77)\r\n\tat java.base/jdk.internal.reflect.DelegatingConstructorAccessorImpl.newInstance(DelegatingConstructorAccessorImpl.java:45)\r\n\tat java.base/java.lang.reflect.Constructor.newInstanceWithCaller(Constructor.java:499)\r\n\tat java.base/java.lang.reflect.Constructor.newInstance(Constructor.java:480)\r\n\tat org.openqa.selenium.remote.http.W3CHttpResponseCodec.createException(W3CHttpResponseCodec.java:187)\r\n\tat org.openqa.selenium.remote.http.W3CHttpResponseCodec.decode(W3CHttpResponseCodec.java:122)\r\n\tat org.openqa.selenium.remote.http.W3CHttpResponseCodec.decode(W3CHttpResponseCodec.java:49)\r\n\tat org.openqa.selenium.remote.HttpCommandExecutor.execute(HttpCommandExecutor.java:158)\r\n\tat org.openqa.selenium.remote.service.DriverCommandExecutor.execute(DriverCommandExecutor.java:83)\r\n\tat org.openqa.selenium.remote.RemoteWebDriver.execute(RemoteWebDriver.java:552)\r\n\tat org.openqa.selenium.remote.RemoteWebDriver.findElement(RemoteWebDriver.java:323)\r\n\tat org.openqa.selenium.remote.RemoteWebDriver.findElementById(RemoteWebDriver.java:372)\r\n\tat org.openqa.selenium.By$ById.findElement(By.java:188)\r\n\tat org.openqa.selenium.remote.RemoteWebDriver.findElement(RemoteWebDriver.java:315)\r\n\tat org.openqa.selenium.support.pagefactory.DefaultElementLocator.findElement(DefaultElementLocator.java:69)\r\n\tat org.openqa.selenium.support.pagefactory.internal.LocatingElementHandler.invoke(LocatingElementHandler.java:38)\r\n\tat jdk.proxy2/jdk.proxy2.$Proxy16.sendKeys(Unknown Source)\r\n\tat pageobject.LoginPage.enterEmail(LoginPage.java:40)\r\n\tat stepdefinition.LoginStepDefinition.user_enters_Email_as_and_Password_as(LoginStepDefinition.java:57)\r\n\tat ✽.User enters Email as \"admin@yourstore.com\" and Password as \"admin\"(file:Feature/UserLogin.feature:6)\r\n",
              "duration": 131884200,
              "status": "failed"
            },
            "line": 6,
            "name": "User enters Email as \"admin@yourstore.com\" and Password as \"admin\"",
            "match": {
              "arguments": [
                {
                  "val": "\"admin@yourstore.com\"",
                  "offset": 21
                },
                {
                  "val": "\"admin\"",
                  "offset": 59
                }
              ],
              "location": "LoginStepDefinition.user_enters_Email_as_and_Password_as(String,String)"
            },
            "keyword": "And "
          },
          {
            "result": {
              "duration": 779800,
              "status": "skipped"
            },
            "line": 7,
            "name": "Click on Login",
            "match": {
              "location": "LoginStepDefinition.click_on_Login()"
            },
            "keyword": "And "
          },
          {
            "result": {
              "duration": 507400,
              "status": "skipped"
            },
            "line": 8,
            "name": "Page Title should be \"Dashboard / nopCommerce administration\"",
            "match": {
              "arguments": [
                {
                  "val": "\"Dashboard / nopCommerce administration\"",
                  "offset": 21
                }
              ],
              "location": "LoginStepDefinition.page_Title_should_be(String)"
            },
            "keyword": "Then "
          },
          {
            "result": {
              "duration": 491300,
              "status": "skipped"
            },
            "line": 9,
            "name": "User click on Log out link",
            "match": {
              "location": "LoginStepDefinition.user_click_on_Log_out_link()"
            },
            "keyword": "When "
          },
          {
            "result": {
              "duration": 423300,
              "status": "skipped"
            },
            "line": 10,
            "name": "Page Title should be \"Your store. Login\"",
            "match": {
              "arguments": [
                {
                  "val": "\"Your store. Login\"",
                  "offset": 21
                }
              ],
              "location": "LoginStepDefinition.page_Title_should_be(String)"
            },
            "keyword": "Then "
          },
          {
            "result": {
              "duration": 486400,
              "status": "skipped"
            },
            "line": 11,
            "name": "close browser",
            "match": {
              "location": "LoginStepDefinition.close_browser()"
            },
            "keyword": "And "
          }
        ]
      },
      {
        "start_timestamp": "2023-03-29T19:20:48.823Z",
        "before": [
          {
            "result": {
              "duration": 806834700,
              "status": "passed"
            },
            "match": {
              "location": "LoginStepDefinition.setup()"
            }
          }
        ],
        "line": 23,
        "name": "Unsuccessful Login With Invalid Credentials",
        "description": "",
        "id": "login;unsuccessful-login-with-invalid-credentials;;2",
        "type": "scenario",
        "keyword": "Scenario Outline",
        "steps": [
          {
            "result": {
              "duration": 979500,
              "status": "passed"
            },
            "line": 14,
            "name": "User Launch Chrome browser",
            "match": {
              "location": "LoginStepDefinition.user_Launch_Chrome_browser()"
            },
            "keyword": "Given "
          },
          {
            "result": {
              "duration": 4564104900,
              "status": "passed"
            },
            "line": 15,
            "name": "User opens URL \"http://admin-demo.nopcommerce.com/login\"",
            "match": {
              "arguments": [
                {
                  "val": "\"http://admin-demo.nopcommerce.com/login\"",
                  "offset": 15
                }
              ],
              "location": "LoginStepDefinition.user_opens_URL(String)"
            },
            "keyword": "When "
          },
          {
            "result": {
              "duration": 184948700,
              "status": "passed"
            },
            "line": 16,
            "name": "User enters Email as \"test@123.com\" and Password as \"test123\"",
            "match": {
              "arguments": [
                {
                  "val": "\"test@123.com\"",
                  "offset": 21
                },
                {
                  "val": "\"test123\"",
                  "offset": 52
                }
              ],
              "location": "LoginStepDefinition.user_enters_Email_as_and_Password_as(String,String)"
            },
            "keyword": "And "
          },
          {
            "result": {
              "duration": 629537000,
              "status": "passed"
            },
            "line": 17,
            "name": "Click on Login",
            "match": {
              "location": "LoginStepDefinition.click_on_Login()"
            },
            "keyword": "And "
          },
          {
            "result": {
              "duration": 5217000,
              "status": "passed"
            },
            "line": 18,
            "name": "Page Title should be \"Your store. Login\"",
            "match": {
              "arguments": [
                {
                  "val": "\"Your store. Login\"",
                  "offset": 21
                }
              ],
              "location": "LoginStepDefinition.page_Title_should_be(String)"
            },
            "keyword": "Then "
          },
          {
            "result": {
              "duration": 120874800,
              "status": "passed"
            },
            "line": 19,
            "name": "close browser",
            "match": {
              "location": "LoginStepDefinition.close_browser()"
            },
            "keyword": "And "
          }
        ]
      },
      {
        "start_timestamp": "2023-03-29T19:20:55.147Z",
        "before": [
          {
            "result": {
              "duration": 822490100,
              "status": "passed"
            },
            "match": {
              "location": "LoginStepDefinition.setup()"
            }
          }
        ],
        "line": 24,
        "name": "Unsuccessful Login With Invalid Credentials",
        "description": "",
        "id": "login;unsuccessful-login-with-invalid-credentials;;3",
        "type": "scenario",
        "keyword": "Scenario Outline",
        "steps": [
          {
            "result": {
              "duration": 747900,
              "status": "passed"
            },
            "line": 14,
            "name": "User Launch Chrome browser",
            "match": {
              "location": "LoginStepDefinition.user_Launch_Chrome_browser()"
            },
            "keyword": "Given "
          },
          {
            "result": {
              "duration": 4560755100,
              "status": "passed"
            },
            "line": 15,
            "name": "User opens URL \"http://admin-demo.nopcommerce.com/login\"",
            "match": {
              "arguments": [
                {
                  "val": "\"http://admin-demo.nopcommerce.com/login\"",
                  "offset": 15
                }
              ],
              "location": "LoginStepDefinition.user_opens_URL(String)"
            },
            "keyword": "When "
          },
          {
            "result": {
              "duration": 219732700,
              "status": "passed"
            },
            "line": 16,
            "name": "User enters Email as \"test@456.com\" and Password as \"test456\"",
            "match": {
              "arguments": [
                {
                  "val": "\"test@456.com\"",
                  "offset": 21
                },
                {
                  "val": "\"test456\"",
                  "offset": 52
                }
              ],
              "location": "LoginStepDefinition.user_enters_Email_as_and_Password_as(String,String)"
            },
            "keyword": "And "
          },
          {
            "result": {
              "duration": 711102100,
              "status": "passed"
            },
            "line": 17,
            "name": "Click on Login",
            "match": {
              "location": "LoginStepDefinition.click_on_Login()"
            },
            "keyword": "And "
          },
          {
            "result": {
              "duration": 5432100,
              "status": "passed"
            },
            "line": 18,
            "name": "Page Title should be \"Your store. Login\"",
            "match": {
              "arguments": [
                {
                  "val": "\"Your store. Login\"",
                  "offset": 21
                }
              ],
              "location": "LoginStepDefinition.page_Title_should_be(String)"
            },
            "keyword": "Then "
          },
          {
            "result": {
              "duration": 98583100,
              "status": "passed"
            },
            "line": 19,
            "name": "close browser",
            "match": {
              "location": "LoginStepDefinition.close_browser()"
            },
            "keyword": "And "
          }
        ]
      },
      {
        "start_timestamp": "2023-03-29T19:21:01.571Z",
        "before": [
          {
            "result": {
              "duration": 819895300,
              "status": "passed"
            },
            "match": {
              "location": "LoginStepDefinition.setup()"
            }
          }
        ],
        "line": 25,
        "name": "Unsuccessful Login With Invalid Credentials",
        "description": "",
        "id": "login;unsuccessful-login-with-invalid-credentials;;4",
        "type": "scenario",
        "keyword": "Scenario Outline",
        "steps": [
          {
            "result": {
              "duration": 945500,
              "status": "passed"
            },
            "line": 14,
            "name": "User Launch Chrome browser",
            "match": {
              "location": "LoginStepDefinition.user_Launch_Chrome_browser()"
            },
            "keyword": "Given "
          },
          {
            "result": {
              "error_message": "org.openqa.selenium.WebDriverException: java.net.ConnectException: Failed to connect to localhost/[0:0:0:0:0:0:0:1]:30703\nBuild info: version: \u00273.141.59\u0027, revision: \u0027e82be7d358\u0027, time: \u00272018-11-14T08:17:03\u0027\nSystem info: host: \u0027LAPTOP-BJSMP7Q6\u0027, ip: \u0027192.168.43.150\u0027, os.name: \u0027Windows 10\u0027, os.arch: \u0027amd64\u0027, os.version: \u002710.0\u0027, java.version: \u002717.0.1\u0027\nDriver info: driver.version: RemoteWebDriver\r\n\tat org.openqa.selenium.remote.service.DriverCommandExecutor.execute(DriverCommandExecutor.java:92)\r\n\tat org.openqa.selenium.remote.RemoteWebDriver.execute(RemoteWebDriver.java:552)\r\n\tat org.openqa.selenium.remote.RemoteWebDriver.get(RemoteWebDriver.java:277)\r\n\tat stepdefinition.LoginStepDefinition.user_opens_URL(LoginStepDefinition.java:52)\r\n\tat ✽.User opens URL \"http://admin-demo.nopcommerce.com/login\"(file:Feature/UserLogin.feature:15)\r\nCaused by: java.net.ConnectException: Failed to connect to localhost/[0:0:0:0:0:0:0:1]:30703\r\n\tat okhttp3.internal.connection.RealConnection.connectSocket(RealConnection.java:247)\r\n\tat okhttp3.internal.connection.RealConnection.connect(RealConnection.java:165)\r\n\tat okhttp3.internal.connection.StreamAllocation.findConnection(StreamAllocation.java:257)\r\n\tat okhttp3.internal.connection.StreamAllocation.findHealthyConnection(StreamAllocation.java:135)\r\n\tat okhttp3.internal.connection.StreamAllocation.newStream(StreamAllocation.java:114)\r\n\tat okhttp3.internal.connection.ConnectInterceptor.intercept(ConnectInterceptor.java:42)\r\n\tat okhttp3.internal.http.RealInterceptorChain.proceed(RealInterceptorChain.java:147)\r\n\tat okhttp3.internal.http.RealInterceptorChain.proceed(RealInterceptorChain.java:121)\r\n\tat okhttp3.internal.cache.CacheInterceptor.intercept(CacheInterceptor.java:93)\r\n\tat okhttp3.internal.http.RealInterceptorChain.proceed(RealInterceptorChain.java:147)\r\n\tat okhttp3.internal.http.RealInterceptorChain.proceed(RealInterceptorChain.java:121)\r\n\tat okhttp3.internal.http.BridgeInterceptor.intercept(BridgeInterceptor.java:93)\r\n\tat okhttp3.internal.http.RealInterceptorChain.proceed(RealInterceptorChain.java:147)\r\n\tat okhttp3.internal.http.RetryAndFollowUpInterceptor.intercept(RetryAndFollowUpInterceptor.java:126)\r\n\tat okhttp3.internal.http.RealInterceptorChain.proceed(RealInterceptorChain.java:147)\r\n\tat okhttp3.internal.http.RealInterceptorChain.proceed(RealInterceptorChain.java:121)\r\n\tat okhttp3.RealCall.getResponseWithInterceptorChain(RealCall.java:200)\r\n\tat okhttp3.RealCall.execute(RealCall.java:77)\r\n\tat org.openqa.selenium.remote.internal.OkHttpClient.execute(OkHttpClient.java:103)\r\n\tat org.openqa.selenium.remote.HttpCommandExecutor.execute(HttpCommandExecutor.java:155)\r\n\tat org.openqa.selenium.remote.service.DriverCommandExecutor.execute(DriverCommandExecutor.java:83)\r\n\tat org.openqa.selenium.remote.RemoteWebDriver.execute(RemoteWebDriver.java:552)\r\n\tat org.openqa.selenium.remote.RemoteWebDriver.get(RemoteWebDriver.java:277)\r\n\tat stepdefinition.LoginStepDefinition.user_opens_URL(LoginStepDefinition.java:52)\r\n\tat java.base/jdk.internal.reflect.NativeMethodAccessorImpl.invoke0(Native Method)\r\n\tat java.base/jdk.internal.reflect.NativeMethodAccessorImpl.invoke(NativeMethodAccessorImpl.java:77)\r\n\tat java.base/jdk.internal.reflect.DelegatingMethodAccessorImpl.invoke(DelegatingMethodAccessorImpl.java:43)\r\n\tat java.base/java.lang.reflect.Method.invoke(Method.java:568)\r\n\tat cucumber.runtime.Utils$1.call(Utils.java:26)\r\n\tat cucumber.runtime.Timeout.timeout(Timeout.java:16)\r\n\tat cucumber.runtime.Utils.invoke(Utils.java:20)\r\n\tat cucumber.runtime.java.JavaStepDefinition.execute(JavaStepDefinition.java:57)\r\n\tat cucumber.runner.PickleStepDefinitionMatch.runStep(PickleStepDefinitionMatch.java:50)\r\n\tat cucumber.runner.TestStep.executeStep(TestStep.java:65)\r\n\tat cucumber.runner.TestStep.run(TestStep.java:50)\r\n\tat cucumber.runner.PickleStepTestStep.run(PickleStepTestStep.java:43)\r\n\tat cucumber.runner.TestCase.run(TestCase.java:46)\r\n\tat cucumber.runner.Runner.runPickle(Runner.java:50)\r\n\tat cucumber.runtime.junit.PickleRunners$NoStepDescriptions.run(PickleRunners.java:146)\r\n\tat cucumber.runtime.junit.FeatureRunner.runChild(FeatureRunner.java:68)\r\n\tat cucumber.runtime.junit.FeatureRunner.runChild(FeatureRunner.java:23)\r\n\tat org.junit.runners.ParentRunner$3.run(ParentRunner.java:238)\r\n\tat org.junit.runners.ParentRunner$1.schedule(ParentRunner.java:63)\r\n\tat org.junit.runners.ParentRunner.runChildren(ParentRunner.java:236)\r\n\tat org.junit.runners.ParentRunner.access$000(ParentRunner.java:53)\r\n\tat org.junit.runners.ParentRunner$2.evaluate(ParentRunner.java:229)\r\n\tat org.junit.runners.ParentRunner.run(ParentRunner.java:309)\r\n\tat cucumber.runtime.junit.FeatureRunner.run(FeatureRunner.java:73)\r\n\tat cucumber.api.junit.Cucumber.runChild(Cucumber.java:126)\r\n\tat cucumber.api.junit.Cucumber.runChild(Cucumber.java:66)\r\n\tat org.junit.runners.ParentRunner$3.run(ParentRunner.java:238)\r\n\tat org.junit.runners.ParentRunner$1.schedule(ParentRunner.java:63)\r\n\tat org.junit.runners.ParentRunner.runChildren(ParentRunner.java:236)\r\n\tat org.junit.runners.ParentRunner.access$000(ParentRunner.java:53)\r\n\tat org.junit.runners.ParentRunner$2.evaluate(ParentRunner.java:229)\r\n\tat cucumber.api.junit.Cucumber$RunCucumber.evaluate(Cucumber.java:156)\r\n\tat org.junit.runners.ParentRunner.run(ParentRunner.java:309)\r\n\tat org.eclipse.jdt.internal.junit4.runner.JUnit4TestReference.run(JUnit4TestReference.java:93)\r\n\tat org.eclipse.jdt.internal.junit.runner.TestExecution.run(TestExecution.java:40)\r\n\tat org.eclipse.jdt.internal.junit.runner.RemoteTestRunner.runTests(RemoteTestRunner.java:529)\r\n\tat org.eclipse.jdt.internal.junit.runner.RemoteTestRunner.runTests(RemoteTestRunner.java:756)\r\n\tat org.eclipse.jdt.internal.junit.runner.RemoteTestRunner.run(RemoteTestRunner.java:452)\r\n\tat org.eclipse.jdt.internal.junit.runner.RemoteTestRunner.main(RemoteTestRunner.java:210)\r\nCaused by: java.net.ConnectException: Connection refused: no further information\r\n\tat java.base/sun.nio.ch.Net.pollConnect(Native Method)\r\n\tat java.base/sun.nio.ch.Net.pollConnectNow(Net.java:672)\r\n\tat java.base/sun.nio.ch.NioSocketImpl.timedFinishConnect(NioSocketImpl.java:542)\r\n\tat java.base/sun.nio.ch.NioSocketImpl.connect(NioSocketImpl.java:597)\r\n\tat java.base/java.net.SocksSocketImpl.connect(SocksSocketImpl.java:327)\r\n\tat java.base/java.net.Socket.connect(Socket.java:633)\r\n\tat okhttp3.internal.platform.Platform.connectSocket(Platform.java:129)\r\n\tat okhttp3.internal.connection.RealConnection.connectSocket(RealConnection.java:245)\r\n\t... 62 more\r\n",
              "duration": 2695379700,
              "status": "failed"
            },
            "line": 15,
            "name": "User opens URL \"http://admin-demo.nopcommerce.com/login\"",
            "match": {
              "arguments": [
                {
                  "val": "\"http://admin-demo.nopcommerce.com/login\"",
                  "offset": 15
                }
              ],
              "location": "LoginStepDefinition.user_opens_URL(String)"
            },
            "keyword": "When "
          },
          {
            "result": {
              "duration": 236600,
              "status": "skipped"
            },
            "line": 16,
            "name": "User enters Email as \"test@789.com\" and Password as \"test789\"",
            "match": {
              "arguments": [
                {
                  "val": "\"test@789.com\"",
                  "offset": 21
                },
                {
                  "val": "\"test789\"",
                  "offset": 52
                }
              ],
              "location": "LoginStepDefinition.user_enters_Email_as_and_Password_as(String,String)"
            },
            "keyword": "And "
          },
          {
            "result": {
              "duration": 168900,
              "status": "skipped"
            },
            "line": 17,
            "name": "Click on Login",
            "match": {
              "location": "LoginStepDefinition.click_on_Login()"
            },
            "keyword": "And "
          },
          {
            "result": {
              "duration": 251800,
              "status": "skipped"
            },
            "line": 18,
            "name": "Page Title should be \"Your store. Login\"",
            "match": {
              "arguments": [
                {
                  "val": "\"Your store. Login\"",
                  "offset": 21
                }
              ],
              "location": "LoginStepDefinition.page_Title_should_be(String)"
            },
            "keyword": "Then "
          },
          {
            "result": {
              "duration": 178300,
              "status": "skipped"
            },
            "line": 19,
            "name": "close browser",
            "match": {
              "location": "LoginStepDefinition.close_browser()"
            },
            "keyword": "And "
          }
        ]
      },
      {
        "start_timestamp": "2023-03-29T19:21:05.102Z",
        "before": [
          {
            "result": {
              "duration": 762736800,
              "status": "passed"
            },
            "match": {
              "location": "LoginStepDefinition.setup()"
            }
          }
        ],
        "line": 27,
        "name": "Unsuccessful login with Invalid credentials",
        "description": "",
        "id": "login;unsuccessful-login-with-invalid-credentials",
        "type": "scenario",
        "keyword": "Scenario",
        "steps": [
          {
            "result": {
              "duration": 751100,
              "status": "passed"
            },
            "line": 28,
            "name": "User Launch Chrome browser",
            "match": {
              "location": "LoginStepDefinition.user_Launch_Chrome_browser()"
            },
            "keyword": "Given "
          },
          {
            "result": {
              "error_message": "org.openqa.selenium.WebDriverException: java.net.ConnectException: Failed to connect to localhost/[0:0:0:0:0:0:0:1]:12544\nBuild info: version: \u00273.141.59\u0027, revision: \u0027e82be7d358\u0027, time: \u00272018-11-14T08:17:03\u0027\nSystem info: host: \u0027LAPTOP-BJSMP7Q6\u0027, ip: \u0027192.168.43.150\u0027, os.name: \u0027Windows 10\u0027, os.arch: \u0027amd64\u0027, os.version: \u002710.0\u0027, java.version: \u002717.0.1\u0027\nDriver info: driver.version: RemoteWebDriver\r\n\tat org.openqa.selenium.remote.service.DriverCommandExecutor.execute(DriverCommandExecutor.java:92)\r\n\tat org.openqa.selenium.remote.RemoteWebDriver.execute(RemoteWebDriver.java:552)\r\n\tat org.openqa.selenium.remote.RemoteWebDriver.get(RemoteWebDriver.java:277)\r\n\tat stepdefinition.LoginStepDefinition.user_opens_URL(LoginStepDefinition.java:52)\r\n\tat ✽.User opens URL \"http://admin-demo.nopcommerce.com/login\"(file:Feature/UserLogin.feature:29)\r\nCaused by: java.net.ConnectException: Failed to connect to localhost/[0:0:0:0:0:0:0:1]:12544\r\n\tat okhttp3.internal.connection.RealConnection.connectSocket(RealConnection.java:247)\r\n\tat okhttp3.internal.connection.RealConnection.connect(RealConnection.java:165)\r\n\tat okhttp3.internal.connection.StreamAllocation.findConnection(StreamAllocation.java:257)\r\n\tat okhttp3.internal.connection.StreamAllocation.findHealthyConnection(StreamAllocation.java:135)\r\n\tat okhttp3.internal.connection.StreamAllocation.newStream(StreamAllocation.java:114)\r\n\tat okhttp3.internal.connection.ConnectInterceptor.intercept(ConnectInterceptor.java:42)\r\n\tat okhttp3.internal.http.RealInterceptorChain.proceed(RealInterceptorChain.java:147)\r\n\tat okhttp3.internal.http.RealInterceptorChain.proceed(RealInterceptorChain.java:121)\r\n\tat okhttp3.internal.cache.CacheInterceptor.intercept(CacheInterceptor.java:93)\r\n\tat okhttp3.internal.http.RealInterceptorChain.proceed(RealInterceptorChain.java:147)\r\n\tat okhttp3.internal.http.RealInterceptorChain.proceed(RealInterceptorChain.java:121)\r\n\tat okhttp3.internal.http.BridgeInterceptor.intercept(BridgeInterceptor.java:93)\r\n\tat okhttp3.internal.http.RealInterceptorChain.proceed(RealInterceptorChain.java:147)\r\n\tat okhttp3.internal.http.RetryAndFollowUpInterceptor.intercept(RetryAndFollowUpInterceptor.java:126)\r\n\tat okhttp3.internal.http.RealInterceptorChain.proceed(RealInterceptorChain.java:147)\r\n\tat okhttp3.internal.http.RealInterceptorChain.proceed(RealInterceptorChain.java:121)\r\n\tat okhttp3.RealCall.getResponseWithInterceptorChain(RealCall.java:200)\r\n\tat okhttp3.RealCall.execute(RealCall.java:77)\r\n\tat org.openqa.selenium.remote.internal.OkHttpClient.execute(OkHttpClient.java:103)\r\n\tat org.openqa.selenium.remote.HttpCommandExecutor.execute(HttpCommandExecutor.java:155)\r\n\tat org.openqa.selenium.remote.service.DriverCommandExecutor.execute(DriverCommandExecutor.java:83)\r\n\tat org.openqa.selenium.remote.RemoteWebDriver.execute(RemoteWebDriver.java:552)\r\n\tat org.openqa.selenium.remote.RemoteWebDriver.get(RemoteWebDriver.java:277)\r\n\tat stepdefinition.LoginStepDefinition.user_opens_URL(LoginStepDefinition.java:52)\r\n\tat java.base/jdk.internal.reflect.NativeMethodAccessorImpl.invoke0(Native Method)\r\n\tat java.base/jdk.internal.reflect.NativeMethodAccessorImpl.invoke(NativeMethodAccessorImpl.java:77)\r\n\tat java.base/jdk.internal.reflect.DelegatingMethodAccessorImpl.invoke(DelegatingMethodAccessorImpl.java:43)\r\n\tat java.base/java.lang.reflect.Method.invoke(Method.java:568)\r\n\tat cucumber.runtime.Utils$1.call(Utils.java:26)\r\n\tat cucumber.runtime.Timeout.timeout(Timeout.java:16)\r\n\tat cucumber.runtime.Utils.invoke(Utils.java:20)\r\n\tat cucumber.runtime.java.JavaStepDefinition.execute(JavaStepDefinition.java:57)\r\n\tat cucumber.runner.PickleStepDefinitionMatch.runStep(PickleStepDefinitionMatch.java:50)\r\n\tat cucumber.runner.TestStep.executeStep(TestStep.java:65)\r\n\tat cucumber.runner.TestStep.run(TestStep.java:50)\r\n\tat cucumber.runner.PickleStepTestStep.run(PickleStepTestStep.java:43)\r\n\tat cucumber.runner.TestCase.run(TestCase.java:46)\r\n\tat cucumber.runner.Runner.runPickle(Runner.java:50)\r\n\tat cucumber.runtime.junit.PickleRunners$NoStepDescriptions.run(PickleRunners.java:146)\r\n\tat cucumber.runtime.junit.FeatureRunner.runChild(FeatureRunner.java:68)\r\n\tat cucumber.runtime.junit.FeatureRunner.runChild(FeatureRunner.java:23)\r\n\tat org.junit.runners.ParentRunner$3.run(ParentRunner.java:238)\r\n\tat org.junit.runners.ParentRunner$1.schedule(ParentRunner.java:63)\r\n\tat org.junit.runners.ParentRunner.runChildren(ParentRunner.java:236)\r\n\tat org.junit.runners.ParentRunner.access$000(ParentRunner.java:53)\r\n\tat org.junit.runners.ParentRunner$2.evaluate(ParentRunner.java:229)\r\n\tat org.junit.runners.ParentRunner.run(ParentRunner.java:309)\r\n\tat cucumber.runtime.junit.FeatureRunner.run(FeatureRunner.java:73)\r\n\tat cucumber.api.junit.Cucumber.runChild(Cucumber.java:126)\r\n\tat cucumber.api.junit.Cucumber.runChild(Cucumber.java:66)\r\n\tat org.junit.runners.ParentRunner$3.run(ParentRunner.java:238)\r\n\tat org.junit.runners.ParentRunner$1.schedule(ParentRunner.java:63)\r\n\tat org.junit.runners.ParentRunner.runChildren(ParentRunner.java:236)\r\n\tat org.junit.runners.ParentRunner.access$000(ParentRunner.java:53)\r\n\tat org.junit.runners.ParentRunner$2.evaluate(ParentRunner.java:229)\r\n\tat cucumber.api.junit.Cucumber$RunCucumber.evaluate(Cucumber.java:156)\r\n\tat org.junit.runners.ParentRunner.run(ParentRunner.java:309)\r\n\tat org.eclipse.jdt.internal.junit4.runner.JUnit4TestReference.run(JUnit4TestReference.java:93)\r\n\tat org.eclipse.jdt.internal.junit.runner.TestExecution.run(TestExecution.java:40)\r\n\tat org.eclipse.jdt.internal.junit.runner.RemoteTestRunner.runTests(RemoteTestRunner.java:529)\r\n\tat org.eclipse.jdt.internal.junit.runner.RemoteTestRunner.runTests(RemoteTestRunner.java:756)\r\n\tat org.eclipse.jdt.internal.junit.runner.RemoteTestRunner.run(RemoteTestRunner.java:452)\r\n\tat org.eclipse.jdt.internal.junit.runner.RemoteTestRunner.main(RemoteTestRunner.java:210)\r\nCaused by: java.net.ConnectException: Connection refused: no further information\r\n\tat java.base/sun.nio.ch.Net.pollConnect(Native Method)\r\n\tat java.base/sun.nio.ch.Net.pollConnectNow(Net.java:672)\r\n\tat java.base/sun.nio.ch.NioSocketImpl.timedFinishConnect(NioSocketImpl.java:542)\r\n\tat java.base/sun.nio.ch.NioSocketImpl.connect(NioSocketImpl.java:597)\r\n\tat java.base/java.net.SocksSocketImpl.connect(SocksSocketImpl.java:327)\r\n\tat java.base/java.net.Socket.connect(Socket.java:633)\r\n\tat okhttp3.internal.platform.Platform.connectSocket(Platform.java:129)\r\n\tat okhttp3.internal.connection.RealConnection.connectSocket(RealConnection.java:245)\r\n\t... 62 more\r\n",
              "duration": 1268739600,
              "status": "failed"
            },
            "line": 29,
            "name": "User opens URL \"http://admin-demo.nopcommerce.com/login\"",
            "match": {
              "arguments": [
                {
                  "val": "\"http://admin-demo.nopcommerce.com/login\"",
                  "offset": 15
                }
              ],
              "location": "LoginStepDefinition.user_opens_URL(String)"
            },
            "keyword": "When "
          },
          {
            "result": {
              "duration": 1534600,
              "status": "skipped"
            },
            "line": 30,
            "name": "User enters Email as email and Password as password",
            "match": {
              "location": "LoginStepDefinition.user_enters_Email_as_email_and_Password_as_password(DataTable)"
            },
            "rows": [
              {
                "cells": [
                  "email",
                  "password"
                ]
              },
              {
                "cells": [
                  "test@321.com",
                  "test321"
                ]
              },
              {
                "cells": [
                  "test@654.com",
                  "test654"
                ]
              },
              {
                "cells": [
                  "test@987.com",
                  "test987"
                ]
              }
            ],
            "keyword": "And "
          },
          {
            "result": {
              "duration": 311600,
              "status": "skipped"
            },
            "line": 35,
            "name": "Click on Login",
            "match": {
              "location": "LoginStepDefinition.click_on_Login()"
            },
            "keyword": "And "
          },
          {
            "result": {
              "duration": 317100,
              "status": "skipped"
            },
            "line": 36,
            "name": "Page Title should be \"Your store. Login\"",
            "match": {
              "arguments": [
                {
                  "val": "\"Your store. Login\"",
                  "offset": 21
                }
              ],
              "location": "LoginStepDefinition.page_Title_should_be(String)"
            },
            "keyword": "Then "
          },
          {
            "result": {
              "duration": 299300,
              "status": "skipped"
            },
            "line": 37,
            "name": "close browser",
            "match": {
              "location": "LoginStepDefinition.close_browser()"
            },
            "keyword": "And "
          }
        ]
      }
    ],
    "name": "Login",
    "description": "",
    "id": "login",
    "keyword": "Feature",
    "uri": "file:Feature/UserLogin.feature",
    "tags": []
  }
]